2025-10-24 15:20:05 [ERROR] ❌ Missing token. Run token_manager.get_token() first.
2025-10-24 15:21:12 [INFO] Fetching property data from PropStream API...
2025-10-24 15:21:16 [INFO] ✅ Data saved locally to data/all_data/properties_20251024_152116.json
2025-10-24 15:21:16 [INFO] Fetching property data from PropStream API...
2025-10-24 15:21:20 [INFO] ✅ Data saved locally to data/all_data/properties_20251024_152120.json
2025-10-24 15:35:33 [INFO] Fetching property data from PropStream API...
2025-10-24 15:35:38 [INFO] ✅ Data saved locally to data/all_data/properties_20251024_153537.json
2025-10-24 15:36:38 [INFO] Fetching property data from PropStream API...
2025-10-24 15:36:39 [ERROR] Error fetching data (400): {"userMessage":"Not Authorized\n\nIf you have any questions or concerns please call customer support at 877-204-9040."}
2025-10-24 15:37:26 [INFO] Fetching property data from PropStream API...
2025-10-24 15:37:31 [INFO] ✅ Data saved locally to data/all_data/properties_20251024_153731.json
2025-10-24 15:38:31 [ERROR] ❌ Missing token. Run token_manager.get_token() first.
2025-10-24 15:39:38 [INFO] Fetching property data from PropStream API...
2025-10-24 15:39:42 [INFO] ✅ Data saved locally to data/all_data/properties_20251024_153942.json
2025-10-24 15:40:42 [INFO] Fetching property data from PropStream API...
2025-10-24 15:40:47 [INFO] ✅ Data saved locally to data/all_data/properties_20251024_154047.json
2025-10-24 15:41:47 [INFO] Fetching property data from PropStream API...
2025-10-24 15:41:51 [INFO] ✅ Data saved locally to data/all_data/properties_20251024_154151.json
2025-10-24 15:42:51 [INFO] Fetching property data from PropStream API...
2025-10-24 15:42:54 [INFO] ✅ Data saved locally to data/all_data/properties_20251024_154254.json
2025-10-24 15:43:55 [INFO] Fetching property data from PropStream API...
2025-10-24 15:43:58 [INFO] ✅ Data saved locally to data/all_data/properties_20251024_154358.json
2025-10-24 15:44:58 [INFO] Fetching property data from PropStream API...
2025-10-24 15:45:02 [INFO] ✅ Data saved locally to data/all_data/properties_20251024_154502.json
2025-10-24 15:46:02 [INFO] Fetching property data from PropStream API...
2025-10-24 15:46:06 [INFO] ✅ Data saved locally to data/all_data/properties_20251024_154606.json
2025-10-24 15:47:06 [INFO] Fetching property data from PropStream API...
2025-10-24 15:47:10 [INFO] ✅ Data saved locally to data/all_data/properties_20251024_154710.json
2025-10-24 15:48:10 [ERROR] ❌ Missing token. Run token_manager.get_token() first.
2025-10-24 15:48:54 [INFO] Fetching property data from PropStream API...
2025-10-24 15:48:58 [INFO] ✅ Data saved locally to data/all_data/properties_20251024_154858.json
2025-10-24 15:49:58 [INFO] Fetching property data from PropStream API...
2025-10-24 15:50:02 [INFO] ✅ Data saved locally to data/all_data/properties_20251024_155002.json
2025-10-24 15:51:02 [INFO] Fetching property data from PropStream API...
2025-10-24 15:51:06 [INFO] ✅ Data saved locally to data/all_data/properties_20251024_155106.json
2025-10-24 15:52:06 [INFO] Fetching property data from PropStream API...
2025-10-24 15:52:10 [INFO] ✅ Data saved locally to data/all_data/properties_20251024_155210.json
2025-10-24 15:53:10 [INFO] Fetching property data from PropStream API...
2025-10-24 15:53:14 [INFO] ✅ Data saved locally to data/all_data/properties_20251024_155314.json
2025-10-24 15:54:14 [INFO] Fetching property data from PropStream API...
2025-10-24 15:54:18 [INFO] ✅ Data saved locally to data/all_data/properties_20251024_155418.json
2025-10-24 15:55:18 [ERROR] ❌ Missing token. Run token_manager.get_token() first.
2025-10-24 15:56:06 [INFO] Fetching property data from PropStream API...
2025-10-24 15:56:10 [INFO] ✅ Data saved locally to data/all_data/properties_20251024_155610.json
2025-10-24 15:57:10 [INFO] Fetching property data from PropStream API...
2025-10-24 15:57:14 [INFO] ✅ Data saved locally to data/all_data/properties_20251024_155714.json
2025-10-24 15:58:14 [INFO] Fetching property data from PropStream API...
2025-10-24 15:58:18 [INFO] ✅ Data saved locally to data/all_data/properties_20251024_155818.json
2025-10-24 15:59:18 [INFO] Fetching property data from PropStream API...
2025-10-24 15:59:22 [INFO] ✅ Data saved locally to data/all_data/properties_20251024_155922.json
2025-10-24 16:00:22 [INFO] Fetching property data from PropStream API...
2025-10-24 16:00:26 [INFO] ✅ Data saved locally to data/all_data/properties_20251024_160026.json
2025-10-24 16:01:26 [INFO] Fetching property data from PropStream API...
2025-10-24 16:01:30 [INFO] ✅ Data saved locally to data/all_data/properties_20251024_160130.json
2025-10-24 16:02:30 [INFO] Fetching property data from PropStream API...
2025-10-24 16:02:34 [INFO] ✅ Data saved locally to data/all_data/properties_20251024_160234.json
2025-10-24 16:03:34 [INFO] Fetching property data from PropStream API...
2025-10-24 16:03:38 [INFO] ✅ Data saved locally to data/all_data/properties_20251024_160338.json
2025-10-24 16:04:38 [INFO] Fetching property data from PropStream API...
2025-10-24 16:04:39 [ERROR] Error fetching data (400): {"userMessage":"Not Authorized\n\nIf you have any questions or concerns please call customer support at 877-204-9040."}
2025-10-24 16:05:27 [INFO] Fetching property data from PropStream API...
2025-10-24 16:05:31 [INFO] ✅ Data saved locally to data/all_data/properties_20251024_160531.json
2025-10-24 16:06:31 [INFO] Fetching property data from PropStream API...
2025-10-24 16:06:36 [INFO] ✅ Data saved locally to data/all_data/properties_20251024_160636.json
2025-10-24 16:07:36 [INFO] Fetching property data from PropStream API...
2025-10-24 16:07:40 [INFO] ✅ Data saved locally to data/all_data/properties_20251024_160740.json
2025-10-24 16:08:40 [INFO] Fetching property data from PropStream API...
2025-10-24 16:08:41 [ERROR] Error fetching data (400): {"userMessage":"Not Authorized\n\nIf you have any questions or concerns please call customer support at 877-204-9040."}
2025-10-24 16:09:23 [INFO] Fetching property data from PropStream API...
2025-10-24 16:09:27 [INFO] ✅ Data saved locally to data/all_data/properties_20251024_160926.json
2025-10-24 16:10:27 [ERROR] ❌ Missing token. Run token_manager.get_token() first.
2025-10-24 16:11:06 [INFO] Fetching property data from PropStream API...
2025-10-24 16:11:10 [INFO] ✅ Data saved locally to data/all_data/properties_20251024_161109.json
2025-10-24 16:12:10 [INFO] Fetching property data from PropStream API...
2025-10-24 16:12:13 [INFO] ✅ Data saved locally to data/all_data/properties_20251024_161213.json
2025-10-24 16:13:13 [INFO] Fetching property data from PropStream API...
2025-10-24 16:13:17 [INFO] ✅ Data saved locally to data/all_data/properties_20251024_161317.json
2025-10-24 16:14:17 [INFO] Fetching property data from PropStream API...
2025-10-24 16:14:22 [INFO] ✅ Data saved locally to data/all_data/properties_20251024_161422.json
2025-10-24 16:15:22 [INFO] Fetching property data from PropStream API...
2025-10-24 16:15:26 [INFO] ✅ Data saved locally to data/all_data/properties_20251024_161526.json
2025-10-24 16:16:26 [INFO] Fetching property data from PropStream API...
2025-10-24 16:16:28 [ERROR] Error fetching data (400): {"userMessage":"Not Authorized\n\nIf you have any questions or concerns please call customer support at 877-204-9040."}
2025-10-24 16:18:22 [INFO] Fetching property data from PropStream API...
2025-10-24 16:18:24 [ERROR] Error fetching data (400): {"userMessage":"Not Authorized\n\nIf you have any questions or concerns please call customer support at 877-204-9040."}
2025-10-24 16:19:24 [INFO] Fetching property data from PropStream API...
2025-10-24 16:19:25 [ERROR] Error fetching data (400): {"userMessage":"Not Authorized\n\nIf you have any questions or concerns please call customer support at 877-204-9040."}
2025-10-24 16:20:11 [INFO] Fetching property data from PropStream API...
2025-10-24 16:20:14 [INFO] ✅ Data saved locally to data/all_data/properties_20251024_162014.json
2025-10-24 16:21:14 [INFO] Fetching property data from PropStream API...
2025-10-24 16:21:18 [INFO] ✅ Data saved locally to data/all_data/properties_20251024_162118.json
2025-10-24 16:22:18 [ERROR] ❌ Missing token. Run token_manager.get_token() first.
2025-10-24 16:23:02 [INFO] Fetching property data from PropStream API...
2025-10-24 16:23:07 [INFO] ✅ Data saved locally to data/all_data/properties_20251024_162306.json
2025-10-24 16:24:07 [INFO] Fetching property data from PropStream API...
2025-10-24 16:24:08 [ERROR] Error fetching data (400): {"userMessage":"Not Authorized\n\nIf you have any questions or concerns please call customer support at 877-204-9040."}
2025-10-24 16:24:44 [INFO] Fetching property data from PropStream API...
2025-10-24 16:24:48 [INFO] ✅ Data saved locally to data/all_data/properties_20251024_162448.json
2025-10-24 16:25:48 [INFO] Fetching property data from PropStream API...
2025-10-24 16:25:52 [INFO] ✅ Data saved locally to data/all_data/properties_20251024_162552.json
2025-10-24 16:26:52 [INFO] Fetching property data from PropStream API...
2025-10-24 16:26:56 [INFO] ✅ Data saved locally to data/all_data/properties_20251024_162656.json
2025-10-24 16:27:57 [INFO] Fetching property data from PropStream API...
2025-10-24 16:28:00 [INFO] ✅ Data saved locally to data/all_data/properties_20251024_162800.json
2025-10-24 16:29:01 [INFO] Fetching property data from PropStream API...
2025-10-24 16:29:05 [INFO] ✅ Data saved locally to data/all_data/properties_20251024_162904.json
2025-10-24 16:30:05 [INFO] Fetching property data from PropStream API...
2025-10-24 16:30:08 [INFO] ✅ Data saved locally to data/all_data/properties_20251024_163008.json
2025-10-24 16:31:08 [INFO] Fetching property data from PropStream API...
2025-10-24 16:31:13 [INFO] ✅ Data saved locally to data/all_data/properties_20251024_163113.json
2025-10-24 16:31:22 [INFO] Fetching property data from PropStream API...
2025-10-24 16:31:26 [INFO] ✅ Data saved locally to data/all_data/properties_20251024_163125.json
2025-10-24 16:32:13 [INFO] Fetching property data from PropStream API...
2025-10-24 16:32:26 [INFO] Fetching property data from PropStream API...
2025-10-24 16:32:29 [INFO] ✅ Data saved locally to data/all_data/properties_20251024_163229.json
2025-10-24 16:32:34 [INFO] ✅ Data saved locally to data/all_data/properties_20251024_163234.json
2025-10-24 16:33:29 [INFO] Fetching property data from PropStream API...
2025-10-24 16:33:31 [ERROR] Error fetching data (400): {"userMessage":"Not Authorized\n\nIf you have any questions or concerns please call customer support at 877-204-9040."}
2025-10-24 16:33:34 [INFO] Fetching property data from PropStream API...
2025-10-24 16:33:35 [ERROR] Error fetching data (400): {"userMessage":"Not Authorized\n\nIf you have any questions or concerns please call customer support at 877-204-9040."}
2025-10-24 16:34:25 [INFO] Fetching property data from PropStream API...
2025-10-24 16:34:26 [INFO] Fetching property data from PropStream API...
2025-10-24 16:34:29 [INFO] ✅ Data saved locally to data/all_data/properties_20251024_163429.json
2025-10-24 16:34:30 [INFO] ✅ Data saved locally to data/all_data/properties_20251024_163430.json
2025-10-24 16:35:29 [INFO] Fetching property data from PropStream API...
2025-10-24 16:35:33 [INFO] ✅ Data saved locally to data/all_data/properties_20251024_163533.json
2025-10-24 16:36:33 [INFO] Fetching property data from PropStream API...
2025-10-24 16:36:38 [INFO] ✅ Data saved locally to data/all_data/properties_20251024_163638.json
2025-10-24 16:37:38 [INFO] Fetching property data from PropStream API...
2025-10-24 16:37:42 [INFO] ✅ Data saved locally to data/all_data/properties_20251024_163742.json
2025-10-24 16:38:42 [INFO] Fetching property data from PropStream API...
2025-10-24 16:38:46 [INFO] ✅ Data saved locally to data/all_data/properties_20251024_163846.json
2025-10-24 16:39:46 [INFO] Fetching property data from PropStream API...
2025-10-24 16:39:50 [INFO] ✅ Data saved locally to data/all_data/properties_20251024_163950.json
2025-10-24 16:40:50 [INFO] Fetching property data from PropStream API...
2025-10-24 16:40:54 [INFO] ✅ Data saved locally to data/all_data/properties_20251024_164054.json
2025-10-24 16:41:54 [INFO] Fetching property data from PropStream API...
2025-10-24 16:41:59 [INFO] ✅ Data saved locally to data/all_data/properties_20251024_164159.json
2025-10-24 16:42:59 [INFO] Fetching property data from PropStream API...
2025-10-24 16:43:03 [INFO] ✅ Data saved locally to data/all_data/properties_20251024_164303.json
2025-10-24 16:44:03 [INFO] Fetching property data from PropStream API...
2025-10-24 16:44:07 [INFO] ✅ Data saved locally to data/all_data/properties_20251024_164407.json
2025-10-24 16:45:07 [INFO] Fetching property data from PropStream API...
2025-10-24 16:45:11 [INFO] ✅ Data saved locally to data/all_data/properties_20251024_164511.json
2025-10-24 16:46:11 [INFO] Fetching property data from PropStream API...
2025-10-24 16:46:15 [INFO] ✅ Data saved locally to data/all_data/properties_20251024_164615.json
2025-10-24 16:47:15 [INFO] Fetching property data from PropStream API...
2025-10-24 16:47:19 [INFO] ✅ Data saved locally to data/all_data/properties_20251024_164719.json
2025-10-24 16:48:19 [INFO] Fetching property data from PropStream API...
2025-10-24 16:48:23 [INFO] ✅ Data saved locally to data/all_data/properties_20251024_164823.json
2025-10-24 16:49:23 [INFO] Fetching property data from PropStream API...
2025-10-24 16:49:28 [INFO] ✅ Data saved locally to data/all_data/properties_20251024_164928.json
2025-10-24 16:50:28 [INFO] Fetching property data from PropStream API...
2025-10-24 16:50:32 [INFO] ✅ Data saved locally to data/all_data/properties_20251024_165032.json
2025-10-24 16:51:32 [INFO] Fetching property data from PropStream API...
2025-10-24 16:51:36 [INFO] ✅ Data saved locally to data/all_data/properties_20251024_165136.json
2025-10-24 16:52:36 [INFO] Fetching property data from PropStream API...
2025-10-24 16:52:40 [INFO] ✅ Data saved locally to data/all_data/properties_20251024_165240.json
2025-10-24 16:53:40 [INFO] Fetching property data from PropStream API...
2025-10-24 16:53:44 [INFO] ✅ Data saved locally to data/all_data/properties_20251024_165344.json
2025-10-24 16:54:44 [INFO] Fetching property data from PropStream API...
2025-10-24 16:54:48 [INFO] ✅ Data saved locally to data/all_data/properties_20251024_165448.json
2025-10-24 16:55:48 [INFO] Fetching property data from PropStream API...
2025-10-24 16:55:52 [INFO] ✅ Data saved locally to data/all_data/properties_20251024_165552.json
2025-10-24 16:56:52 [INFO] Fetching property data from PropStream API...
2025-10-24 16:56:56 [INFO] ✅ Data saved locally to data/all_data/properties_20251024_165656.json
2025-10-24 16:57:56 [INFO] Fetching property data from PropStream API...
2025-10-24 16:58:00 [INFO] ✅ Data saved locally to data/all_data/properties_20251024_165800.json
2025-10-24 16:59:00 [INFO] Fetching property data from PropStream API...
2025-10-24 16:59:04 [INFO] ✅ Data saved locally to data/all_data/properties_20251024_165904.json
2025-10-24 17:00:04 [INFO] Fetching property data from PropStream API...
2025-10-24 17:00:09 [INFO] ✅ Data saved locally to data/all_data/properties_20251024_170009.json
2025-10-24 17:01:09 [INFO] Fetching property data from PropStream API...
2025-10-24 17:01:13 [INFO] ✅ Data saved locally to data/all_data/properties_20251024_170113.json
2025-10-24 17:02:13 [INFO] Fetching property data from PropStream API...
2025-10-24 17:02:17 [INFO] ✅ Data saved locally to data/all_data/properties_20251024_170217.json
2025-10-24 17:03:17 [INFO] Fetching property data from PropStream API...
2025-10-24 17:03:21 [INFO] ✅ Data saved locally to data/all_data/properties_20251024_170321.json
2025-10-24 17:04:21 [INFO] Fetching property data from PropStream API...
2025-10-24 17:04:26 [INFO] ✅ Data saved locally to data/all_data/properties_20251024_170425.json
2025-10-24 17:05:26 [INFO] Fetching property data from PropStream API...
2025-10-24 17:05:30 [INFO] ✅ Data saved locally to data/all_data/properties_20251024_170530.json
2025-10-24 17:06:30 [INFO] Fetching property data from PropStream API...
2025-10-24 17:06:39 [INFO] ✅ Data saved locally to data/all_data/properties_20251024_170639.json
2025-10-24 17:07:39 [INFO] Fetching property data from PropStream API...
2025-10-24 17:07:43 [INFO] ✅ Data saved locally to data/all_data/properties_20251024_170743.json
2025-10-24 17:08:43 [INFO] Fetching property data from PropStream API...
2025-10-24 17:08:47 [INFO] ✅ Data saved locally to data/all_data/properties_20251024_170847.json
2025-10-24 17:09:47 [INFO] Fetching property data from PropStream API...
2025-10-24 17:10:29 [INFO] ✅ Data saved locally to data/all_data/properties_20251024_171029.json
2025-10-24 17:11:29 [INFO] Fetching property data from PropStream API...
2025-10-24 17:11:33 [INFO] ✅ Data saved locally to data/all_data/properties_20251024_171133.json
2025-10-24 17:12:33 [INFO] Fetching property data from PropStream API...
2025-10-24 17:12:37 [INFO] ✅ Data saved locally to data/all_data/properties_20251024_171237.json
2025-10-24 17:13:37 [INFO] Fetching property data from PropStream API...
2025-10-24 17:13:42 [INFO] ✅ Data saved locally to data/all_data/properties_20251024_171341.json
2025-10-24 17:14:42 [INFO] Fetching property data from PropStream API...
2025-10-24 17:14:47 [INFO] ✅ Data saved locally to data/all_data/properties_20251024_171446.json
2025-10-24 17:15:47 [INFO] Fetching property data from PropStream API...
2025-10-24 17:15:51 [INFO] ✅ Data saved locally to data/all_data/properties_20251024_171551.json
2025-10-24 17:16:51 [INFO] Fetching property data from PropStream API...
2025-10-24 17:16:57 [INFO] ✅ Data saved locally to data/all_data/properties_20251024_171657.json
2025-10-24 17:17:57 [INFO] Fetching property data from PropStream API...
2025-10-24 17:18:01 [INFO] ✅ Data saved locally to data/all_data/properties_20251024_171801.json
2025-10-24 17:19:01 [INFO] Fetching property data from PropStream API...
2025-10-24 17:19:21 [INFO] ✅ Data saved locally to data/all_data/properties_20251024_171921.json
2025-10-24 17:20:21 [INFO] Fetching property data from PropStream API...
2025-10-24 17:20:25 [INFO] ✅ Data saved locally to data/all_data/properties_20251024_172025.json
2025-10-24 17:21:25 [INFO] Fetching property data from PropStream API...
2025-10-24 17:21:31 [INFO] ✅ Data saved locally to data/all_data/properties_20251024_172131.json
2025-10-24 17:22:31 [INFO] Fetching property data from PropStream API...
2025-10-24 17:22:35 [INFO] ✅ Data saved locally to data/all_data/properties_20251024_172235.json
2025-10-24 17:23:35 [INFO] Fetching property data from PropStream API...
2025-10-24 17:23:39 [INFO] ✅ Data saved locally to data/all_data/properties_20251024_172339.json
2025-10-24 17:24:39 [INFO] Fetching property data from PropStream API...
2025-10-24 17:24:43 [INFO] ✅ Data saved locally to data/all_data/properties_20251024_172443.json
2025-10-24 17:25:43 [INFO] Fetching property data from PropStream API...
2025-10-24 17:25:47 [INFO] ✅ Data saved locally to data/all_data/properties_20251024_172547.json
2025-10-24 17:26:47 [INFO] Fetching property data from PropStream API...
2025-10-24 17:26:51 [INFO] ✅ Data saved locally to data/all_data/properties_20251024_172651.json
2025-10-24 17:27:51 [INFO] Fetching property data from PropStream API...
2025-10-24 17:27:56 [INFO] ✅ Data saved locally to data/all_data/properties_20251024_172756.json
2025-10-24 17:28:56 [INFO] Fetching property data from PropStream API...
2025-10-24 17:29:00 [INFO] ✅ Data saved locally to data/all_data/properties_20251024_172900.json
2025-10-24 17:30:00 [INFO] Fetching property data from PropStream API...
2025-10-24 17:30:04 [INFO] ✅ Data saved locally to data/all_data/properties_20251024_173004.json
2025-10-24 17:31:04 [INFO] Fetching property data from PropStream API...
2025-10-24 17:31:09 [INFO] ✅ Data saved locally to data/all_data/properties_20251024_173108.json
2025-10-24 17:32:09 [INFO] Fetching property data from PropStream API...
2025-10-24 17:32:13 [INFO] ✅ Data saved locally to data/all_data/properties_20251024_173213.json
2025-10-24 17:33:13 [INFO] Fetching property data from PropStream API...
2025-10-24 17:33:17 [INFO] ✅ Data saved locally to data/all_data/properties_20251024_173317.json
2025-10-24 17:34:17 [INFO] Fetching property data from PropStream API...
2025-10-24 17:34:18 [ERROR] Error fetching property data: HTTPSConnectionPool(host='app.propstream.com', port=443): Max retries exceeded with url: /eqbackend/resource/auth/ps4/user/properties?refreshFilters=false (Caused by NameResolutionError("<urllib3.connection.HTTPSConnection object at 0x7f5943a2a4e0>: Failed to resolve 'app.propstream.com' ([Errno -3] Temporary failure in name resolution)"))
Traceback (most recent call last):
  File "/home/yadi0988/.cache/pypoetry/virtualenvs/propstream-bot-fDfczu8s-py3.12/lib/python3.12/site-packages/urllib3/connection.py", line 198, in _new_conn
    sock = connection.create_connection(
           ^^^^^^^^^^^^^^^^^^^^^^^^^^^^^
  File "/home/yadi0988/.cache/pypoetry/virtualenvs/propstream-bot-fDfczu8s-py3.12/lib/python3.12/site-packages/urllib3/util/connection.py", line 60, in create_connection
    for res in socket.getaddrinfo(host, port, family, socket.SOCK_STREAM):
               ^^^^^^^^^^^^^^^^^^^^^^^^^^^^^^^^^^^^^^^^^^^^^^^^^^^^^^^^^^
  File "/home/yadi0988/.pyenv/versions/3.12.5/lib/python3.12/socket.py", line 976, in getaddrinfo
    for res in _socket.getaddrinfo(host, port, family, type, proto, flags):
               ^^^^^^^^^^^^^^^^^^^^^^^^^^^^^^^^^^^^^^^^^^^^^^^^^^^^^^^^^^^
socket.gaierror: [Errno -3] Temporary failure in name resolution

The above exception was the direct cause of the following exception:

Traceback (most recent call last):
  File "/home/yadi0988/.cache/pypoetry/virtualenvs/propstream-bot-fDfczu8s-py3.12/lib/python3.12/site-packages/urllib3/connectionpool.py", line 787, in urlopen
    response = self._make_request(
               ^^^^^^^^^^^^^^^^^^^
  File "/home/yadi0988/.cache/pypoetry/virtualenvs/propstream-bot-fDfczu8s-py3.12/lib/python3.12/site-packages/urllib3/connectionpool.py", line 488, in _make_request
    raise new_e
  File "/home/yadi0988/.cache/pypoetry/virtualenvs/propstream-bot-fDfczu8s-py3.12/lib/python3.12/site-packages/urllib3/connectionpool.py", line 464, in _make_request
    self._validate_conn(conn)
  File "/home/yadi0988/.cache/pypoetry/virtualenvs/propstream-bot-fDfczu8s-py3.12/lib/python3.12/site-packages/urllib3/connectionpool.py", line 1093, in _validate_conn
    conn.connect()
  File "/home/yadi0988/.cache/pypoetry/virtualenvs/propstream-bot-fDfczu8s-py3.12/lib/python3.12/site-packages/urllib3/connection.py", line 753, in connect
    self.sock = sock = self._new_conn()
                       ^^^^^^^^^^^^^^^^
  File "/home/yadi0988/.cache/pypoetry/virtualenvs/propstream-bot-fDfczu8s-py3.12/lib/python3.12/site-packages/urllib3/connection.py", line 205, in _new_conn
    raise NameResolutionError(self.host, self, e) from e
urllib3.exceptions.NameResolutionError: <urllib3.connection.HTTPSConnection object at 0x7f5943a2a4e0>: Failed to resolve 'app.propstream.com' ([Errno -3] Temporary failure in name resolution)

The above exception was the direct cause of the following exception:

Traceback (most recent call last):
  File "/home/yadi0988/.cache/pypoetry/virtualenvs/propstream-bot-fDfczu8s-py3.12/lib/python3.12/site-packages/requests/adapters.py", line 644, in send
    resp = conn.urlopen(
           ^^^^^^^^^^^^^
  File "/home/yadi0988/.cache/pypoetry/virtualenvs/propstream-bot-fDfczu8s-py3.12/lib/python3.12/site-packages/urllib3/connectionpool.py", line 841, in urlopen
    retries = retries.increment(
              ^^^^^^^^^^^^^^^^^^
  File "/home/yadi0988/.cache/pypoetry/virtualenvs/propstream-bot-fDfczu8s-py3.12/lib/python3.12/site-packages/urllib3/util/retry.py", line 519, in increment
    raise MaxRetryError(_pool, url, reason) from reason  # type: ignore[arg-type]
    ^^^^^^^^^^^^^^^^^^^^^^^^^^^^^^^^^^^^^^^^^^^^^^^^^^^
urllib3.exceptions.MaxRetryError: HTTPSConnectionPool(host='app.propstream.com', port=443): Max retries exceeded with url: /eqbackend/resource/auth/ps4/user/properties?refreshFilters=false (Caused by NameResolutionError("<urllib3.connection.HTTPSConnection object at 0x7f5943a2a4e0>: Failed to resolve 'app.propstream.com' ([Errno -3] Temporary failure in name resolution)"))

During handling of the above exception, another exception occurred:

Traceback (most recent call last):
  File "/mnt/d/Shad Project (GHL)/GHL Tasks/Task 6 (propstream Automation)/Bot - Propstream to Craimer/propstream_bot/bot/propstream_client.py", line 545, in fetch_properties
    response = requests.post(BASE_API_URL, headers=headers, json=json_data, params=params)
               ^^^^^^^^^^^^^^^^^^^^^^^^^^^^^^^^^^^^^^^^^^^^^^^^^^^^^^^^^^^^^^^^^^^^^^^^^^^
  File "/home/yadi0988/.cache/pypoetry/virtualenvs/propstream-bot-fDfczu8s-py3.12/lib/python3.12/site-packages/requests/api.py", line 115, in post
    return request("post", url, data=data, json=json, **kwargs)
           ^^^^^^^^^^^^^^^^^^^^^^^^^^^^^^^^^^^^^^^^^^^^^^^^^^^^
  File "/home/yadi0988/.cache/pypoetry/virtualenvs/propstream-bot-fDfczu8s-py3.12/lib/python3.12/site-packages/requests/api.py", line 59, in request
    return session.request(method=method, url=url, **kwargs)
           ^^^^^^^^^^^^^^^^^^^^^^^^^^^^^^^^^^^^^^^^^^^^^^^^^
  File "/home/yadi0988/.cache/pypoetry/virtualenvs/propstream-bot-fDfczu8s-py3.12/lib/python3.12/site-packages/requests/sessions.py", line 589, in request
    resp = self.send(prep, **send_kwargs)
           ^^^^^^^^^^^^^^^^^^^^^^^^^^^^^^
  File "/home/yadi0988/.cache/pypoetry/virtualenvs/propstream-bot-fDfczu8s-py3.12/lib/python3.12/site-packages/requests/sessions.py", line 703, in send
    r = adapter.send(request, **kwargs)
        ^^^^^^^^^^^^^^^^^^^^^^^^^^^^^^^
  File "/home/yadi0988/.cache/pypoetry/virtualenvs/propstream-bot-fDfczu8s-py3.12/lib/python3.12/site-packages/requests/adapters.py", line 677, in send
    raise ConnectionError(e, request=request)
requests.exceptions.ConnectionError: HTTPSConnectionPool(host='app.propstream.com', port=443): Max retries exceeded with url: /eqbackend/resource/auth/ps4/user/properties?refreshFilters=false (Caused by NameResolutionError("<urllib3.connection.HTTPSConnection object at 0x7f5943a2a4e0>: Failed to resolve 'app.propstream.com' ([Errno -3] Temporary failure in name resolution)"))
2025-10-24 19:36:24 [INFO] Fetching property data from PropStream API...
2025-10-24 19:36:25 [ERROR] Error fetching data (400): {"userMessage":"Not Authorized\n\nIf you have any questions or concerns please call customer support at 877-204-9040."}
2025-10-24 19:36:54 [INFO] Fetching property data from PropStream API...
2025-10-24 19:36:59 [INFO] ✅ Data saved locally to data/all_data/properties_20251024_193659.json
2025-10-24 19:37:39 [INFO] Fetching property data from PropStream API...
2025-10-24 19:37:40 [ERROR] Error fetching data (400): {"userMessage":"Not Authorized\n\nIf you have any questions or concerns please call customer support at 877-204-9040."}
2025-10-24 19:38:07 [INFO] Fetching property data from PropStream API...
2025-10-24 19:38:11 [INFO] ✅ Data saved locally to data/all_data/properties_20251024_193811.json
2025-10-24 19:39:11 [INFO] Fetching property data from PropStream API...
2025-10-24 19:39:15 [INFO] ✅ Data saved locally to data/all_data/properties_20251024_193915.json
2025-10-24 19:40:15 [INFO] Fetching property data from PropStream API...
2025-10-24 19:40:19 [INFO] ✅ Data saved locally to data/all_data/properties_20251024_194019.json
2025-10-24 19:41:19 [INFO] Fetching property data from PropStream API...
2025-10-24 19:41:23 [INFO] ✅ Data saved locally to data/all_data/properties_20251024_194123.json
2025-10-24 19:42:23 [INFO] Fetching property data from PropStream API...
2025-10-24 19:42:27 [INFO] ✅ Data saved locally to data/all_data/properties_20251024_194227.json
2025-10-24 19:43:27 [INFO] Fetching property data from PropStream API...
2025-10-24 19:43:31 [INFO] ✅ Data saved locally to data/all_data/properties_20251024_194331.json
2025-10-24 19:44:18 [ERROR] ❌ Missing token. Run token_manager.get_token() first.
2025-10-24 19:44:47 [INFO] Fetching property data from PropStream API...
2025-10-24 19:44:51 [INFO] ✅ Data saved locally to data/all_data/properties_20251024_194451.json
2025-10-24 19:47:14 [INFO] Fetching property data from PropStream API...
2025-10-24 19:47:18 [INFO] ✅ Data saved locally to data/all_data/properties_20251024_194718.json
2025-10-24 19:48:18 [INFO] Fetching property data from PropStream API...
2025-10-24 19:48:21 [INFO] ✅ Data saved locally to data/all_data/properties_20251024_194821.json
2025-10-24 19:49:21 [INFO] Fetching property data from PropStream API...
2025-10-24 19:49:25 [INFO] ✅ Data saved locally to data/all_data/properties_20251024_194925.json
2025-10-24 19:50:25 [INFO] Fetching property data from PropStream API...
2025-10-24 19:50:29 [INFO] ✅ Data saved locally to data/all_data/properties_20251024_195029.json
2025-10-24 19:51:29 [ERROR] ❌ Missing token. Run token_manager.get_token() first.
2025-10-24 19:51:57 [INFO] Fetching property data from PropStream API...
2025-10-24 19:52:01 [INFO] ✅ Data saved locally to data/all_data/properties_20251024_195201.json
2025-10-24 19:53:01 [INFO] Fetching property data from PropStream API...
2025-10-24 19:53:05 [INFO] ✅ Data saved locally to data/all_data/properties_20251024_195305.json
2025-10-24 19:54:05 [INFO] Fetching property data from PropStream API...
2025-10-24 19:54:09 [INFO] ✅ Data saved locally to data/all_data/properties_20251024_195409.json
2025-10-24 19:55:09 [INFO] Fetching property data from PropStream API...
2025-10-24 19:55:13 [INFO] ✅ Data saved locally to data/all_data/properties_20251024_195513.json
2025-10-24 19:56:13 [INFO] Fetching property data from PropStream API...
2025-10-24 19:56:17 [INFO] ✅ Data saved locally to data/all_data/properties_20251024_195617.json
2025-10-24 19:57:17 [INFO] Fetching property data from PropStream API...
2025-10-24 19:57:20 [INFO] ✅ Data saved locally to data/all_data/properties_20251024_195720.json
2025-10-24 19:58:20 [INFO] Fetching property data from PropStream API...
2025-10-24 19:58:24 [INFO] ✅ Data saved locally to data/all_data/properties_20251024_195824.json
2025-10-24 19:59:24 [INFO] Fetching property data from PropStream API...
2025-10-24 19:59:28 [INFO] ✅ Data saved locally to data/all_data/properties_20251024_195928.json
2025-10-24 20:00:28 [INFO] Fetching property data from PropStream API...
2025-10-24 20:00:32 [INFO] ✅ Data saved locally to data/all_data/properties_20251024_200032.json
2025-10-24 20:01:32 [INFO] Fetching property data from PropStream API...
2025-10-24 20:01:35 [INFO] ✅ Data saved locally to data/all_data/properties_20251024_200135.json
2025-10-24 20:02:35 [INFO] Fetching property data from PropStream API...
2025-10-24 20:02:39 [INFO] ✅ Data saved locally to data/all_data/properties_20251024_200239.json
2025-10-24 20:03:39 [INFO] Fetching property data from PropStream API...
2025-10-24 20:03:43 [INFO] ✅ Data saved locally to data/all_data/properties_20251024_200343.json
2025-10-24 20:04:43 [INFO] Fetching property data from PropStream API...
2025-10-24 20:04:47 [INFO] ✅ Data saved locally to data/all_data/properties_20251024_200447.json
2025-10-24 20:05:47 [INFO] Fetching property data from PropStream API...
2025-10-24 20:05:50 [INFO] ✅ Data saved locally to data/all_data/properties_20251024_200550.json
2025-10-24 20:06:50 [INFO] Fetching property data from PropStream API...
2025-10-24 20:06:54 [INFO] ✅ Data saved locally to data/all_data/properties_20251024_200654.json
2025-10-24 20:22:33 [INFO] Fetching property data from PropStream API...
2025-10-24 20:22:37 [INFO] ✅ Data saved locally to data/all_data/properties_20251024_202237.json
